<?xml version="1.0" encoding="UTF-8"?>
<!-- Generated by org.testng.reporters.JUnitReportReporter -->
<testsuite hostname="DESKTOP-JJM7628" failures="0" tests="2" name="TestNgPractice.PracticeTestngTest" time="35.194" errors="0" timestamp="2022-03-14T11:51:06 IST" skipped="0">
  <testcase classname="TestNgPractice.PracticeTestngTest" name="createContact" time="18.726"/>
  <system-out/>
  <testcase classname="TestNgPractice.PracticeTestngTest" name="createContact" time="16.468"/>
  <system-out/>
</testsuite> <!-- TestNgPractice.PracticeTestngTest -->
