<?xml version="1.0" encoding="UTF-8"?>
<!-- Generated by org.testng.reporters.JUnitReportReporter -->
<testsuite hostname="DESKTOP-JJM7628" failures="0" tests="19" name="practices.AssertPractice" time="0.046" errors="0" timestamp="2022-03-17T10:33:02 IST" skipped="0">
  <testcase classname="practices.AssertPractice" name="charVarification" time="0.001"/>
  <system-out/>
  <testcase classname="practices.AssertPractice" name="softAssertExample" time="0.006"/>
  <system-out/>
  <testcase classname="practices.AssertPractice" name="objectVerificationNotNull" time="0.001"/>
  <system-out/>
  <testcase classname="practices.AssertPractice" name="intVarification" time="0.003"/>
  <system-out/>
  <testcase classname="practices.AssertPractice" name="byteVerificationEqual" time="0.002"/>
  <system-out/>
  <testcase classname="practices.AssertPractice" name="doubleVarification" time="0.000"/>
  <system-out/>
  <testcase classname="practices.AssertPractice" name="floatVarification" time="0.002"/>
  <system-out/>
  <testcase classname="practices.AssertPractice" name="listCollectionVerification" time="0.002"/>
  <system-out/>
  <testcase classname="practices.AssertPractice" name="assertFailExample" time="0.005"/>
  <system-out/>
  <testcase classname="practices.AssertPractice" name="stringVerification" time="0.001"/>
  <system-out/>
  <testcase classname="practices.AssertPractice" name="arrayVerification" time="0.008"/>
  <system-out/>
  <testcase classname="practices.AssertPractice" name="objectVerification" time="0.002"/>
  <system-out/>
  <testcase classname="practices.AssertPractice" name="booleanVarification" time="0.001"/>
  <system-out/>
  <testcase classname="practices.AssertPractice" name="byteVerificationNotEqual" time="0.001"/>
  <system-out/>
  <testcase classname="practices.AssertPractice" name="objectVerificationNull" time="0.002"/>
  <system-out/>
  <testcase classname="practices.AssertPractice" name="longVarification" time="0.001"/>
  <system-out/>
  <testcase classname="practices.AssertPractice" name="softAssertNoOrderExample" time="0.002"/>
  <system-out/>
  <testcase classname="practices.AssertPractice" name="assertSameExample" time="0.005"/>
  <system-out/>
  <testcase classname="practices.AssertPractice" name="shortVarification" time="0.001"/>
  <system-out/>
</testsuite> <!-- practices.AssertPractice -->
