<?xml version="1.0" encoding="UTF-8"?>
<!-- Generated by org.testng.reporters.JUnitReportReporter -->
<testsuite hostname="DESKTOP-JJM7628" failures="0" tests="3" name="practices.GroupExecution_2" time="0.015" errors="0" timestamp="2022-03-16T10:08:52 IST" skipped="0">
  <testcase classname="practices.GroupExecution_2" name="test_method1" time="0.012"/>
  <system-out/>
  <testcase classname="practices.GroupExecution_2" name="test_method2" time="0.002"/>
  <system-out/>
  <testcase classname="practices.GroupExecution_2" name="test_method3" time="0.001"/>
  <system-out/>
</testsuite> <!-- practices.GroupExecution_2 -->
