<?xml version="1.0" encoding="UTF-8"?>
<!-- Generated by org.testng.reporters.JUnitReportReporter -->
<testsuite hostname="DESKTOP-JJM7628" failures="0" tests="1" name="com.vtiger.testcase.Contact_emailOpt_BoxTest" time="28.801" errors="0" timestamp="2022-03-23T10:42:44 IST" skipped="0">
  <testcase classname="com.vtiger.testcase.Contact_emailOpt_BoxTest" name="createContacts" time="28.801"/>
  <system-out/>
</testsuite> <!-- com.vtiger.testcase.Contact_emailOpt_BoxTest -->
