<?xml version="1.0" encoding="UTF-8"?>
<!-- Generated by org.testng.reporters.JUnitReportReporter -->
<testsuite hostname="DESKTOP-JJM7628" failures="0" tests="1" name="com.vtiger.Campaign.CreateCampaignByPOMTestNgTest" time="43.586" errors="0" timestamp="2022-03-23T10:42:44 IST" skipped="0">
  <testcase classname="com.vtiger.Campaign.CreateCampaignByPOMTestNgTest" name="createCampaign" time="43.586"/>
  <system-out/>
</testsuite> <!-- com.vtiger.Campaign.CreateCampaignByPOMTestNgTest -->
