<?xml version="1.0" encoding="UTF-8"?>
<!-- Generated by org.testng.reporters.JUnitReportReporter -->
<testsuite hostname="DESKTOP-JJM7628" failures="0" tests="1" name="com.vtiger.org.CreateOrganizationTestNGTest" time="36.071" errors="0" timestamp="2022-03-23T10:42:44 IST" skipped="0">
  <testcase classname="com.vtiger.org.CreateOrganizationTestNGTest" name="createOrg" time="36.071"/>
  <system-out/>
</testsuite> <!-- com.vtiger.org.CreateOrganizationTestNGTest -->
