<?xml version="1.0" encoding="UTF-8"?>
<!-- Generated by org.testng.reporters.JUnitReportReporter -->
<testsuite hostname="DESKTOP-JJM7628" failures="0" tests="4" name="Practices.GroupExecution" time="0.015" errors="0" timestamp="2022-03-15T16:38:08 IST" skipped="0">
  <testcase classname="Practices.GroupExecution" name="test_method4" time="0.001"/>
  <system-out/>
  <testcase classname="Practices.GroupExecution" name="test_method3" time="0.002"/>
  <system-out/>
  <testcase classname="Practices.GroupExecution" name="test_method1" time="0.009"/>
  <system-out/>
  <testcase classname="Practices.GroupExecution" name="test_method2" time="0.003"/>
  <system-out/>
</testsuite> <!-- Practices.GroupExecution -->
