<?xml version="1.0" encoding="UTF-8"?>
<!-- Generated by org.testng.reporters.JUnitReportReporter -->
<testsuite hostname="DESKTOP-JJM7628" failures="0" tests="4" name="practices.GroupExecution_1" time="0.022" errors="0" timestamp="2022-03-16T10:17:33 IST" skipped="0">
  <testcase classname="practices.GroupExecution_1" name="createOrganization" time="0.004"/>
  <system-out/>
  <testcase classname="practices.GroupExecution_1" name="createVendor" time="0.002"/>
  <system-out/>
  <testcase classname="practices.GroupExecution_1" name="createContact" time="0.011"/>
  <system-out/>
  <testcase classname="practices.GroupExecution_1" name="createInvoice" time="0.005"/>
  <system-out/>
</testsuite> <!-- practices.GroupExecution_1 -->
