<?xml version="1.0" encoding="UTF-8"?>
<!-- Generated by org.testng.reporters.JUnitReportReporter -->
<testsuite hostname="DESKTOP-JJM7628" failures="0" tests="1" name="practices.ReAnalyser" time="0.009" errors="0" timestamp="2022-03-17T16:15:25 IST" skipped="0">
  <testcase classname="practices.ReAnalyser" name="invokes" time="0.009"/>
  <system-out/>
</testsuite> <!-- practices.ReAnalyser -->
