<?xml version="1.0" encoding="UTF-8"?>
<!-- Generated by org.testng.reporters.JUnitReportReporter -->
<testsuite hostname="DESKTOP-JJM7628" failures="0" tests="1" name="practices.TestNgXMLDataDriven" time="0.010" errors="0" timestamp="2022-03-16T15:18:16 IST" skipped="0">
  <testcase classname="practices.TestNgXMLDataDriven" name="fetchData" time="0.010"/>
  <system-out/>
</testsuite> <!-- practices.TestNgXMLDataDriven -->
