<?xml version="1.0" encoding="UTF-8"?>
<!-- Generated by org.testng.reporters.JUnitReportReporter -->
<testsuite hostname="DESKTOP-JJM7628" failures="0" tests="1" name="com.vtiger.org.CreateOrgByPOM_TestNgTest" time="47.020" errors="0" timestamp="2022-03-23T10:42:44 IST" skipped="0">
  <testcase classname="com.vtiger.org.CreateOrgByPOM_TestNgTest" name="createOrganization" time="47.020"/>
  <system-out/>
</testsuite> <!-- com.vtiger.org.CreateOrgByPOM_TestNgTest -->
